[23Aug2025 00:08:59.924] [Server thread/INFO] [net.minecraft.server.players.PlayerList/]: Matujl[/127.250.181.148:35049] logged in with entity id 56069 at (-7.5, 64.0, 3.5)
[23Aug2025 00:08:59.934] [Server thread/INFO] [net.minecraft.server.MinecraftServer/]: Matujl joined the game
[23Aug2025 00:08:59.934] [Server thread/INFO] [net.minecraft.server.MinecraftServer/]: Matujl has made the advancement [Welcome To Jurassic Additions]
[23Aug2025 00:09:26.843] [Server thread/INFO] [net.minecraft.server.MinecraftServer/]: [Not Secure] <Matujl> Esta no era la cuenta :v
[23Aug2025 00:09:38.602] [Server thread/INFO] [net.minecraft.server.MinecraftServer/]: [Not Secure] <Matujl> tengo miedo
[23Aug2025 00:09:52.236] [Server thread/INFO] [net.minecraft.server.MinecraftServer/]: [Not Secure] <Matujl> veo el coptero
[23Aug2025 00:10:01.283] [Server thread/INFO] [net.minecraft.server.MinecraftServer/]: [Not Secure] <Matujl> perame que cambio a la cuenta
[23Aug2025 00:10:12.836] [Server thread/INFO] [net.minecraft.server.network.ServerGamePacketListenerImpl/]: Matujl lost connection: Disconnected
[23Aug2025 00:10:12.836] [Server thread/INFO] [net.minecraft.server.MinecraftServer/]: Matujl left the game
[23Aug2025 00:11:51.227] [Server thread/INFO] [net.minecraft.server.players.PlayerList/]: Matujl3[/127.250.181.148:40961] logged in with entity id 60482 at (1.5, 64.0, 9.5)
[23Aug2025 00:11:51.233] [Server thread/INFO] [net.minecraft.server.MinecraftServer/]: Matujl3 joined the game
[23Aug2025 00:11:51.233] [Server thread/INFO] [net.minecraft.server.MinecraftServer/]: Matujl3 has made the advancement [Welcome To Jurassic Additions]
[23Aug2025 00:11:54.777] [Server thread/INFO] [net.minecraft.server.network.ServerGamePacketListenerImpl/]: Luiss lost connection: Disconnected
[23Aug2025 00:11:54.777] [Server thread/INFO] [net.minecraft.server.MinecraftServer/]: Luiss left the game
[23Aug2025 00:12:12.421] [Server thread/INFO] [net.minecraft.server.MinecraftServer/]: [Not Secure] <Matujl3> tuki
[23Aug2025 00:12:18.421] [Server thread/INFO] [net.minecraft.server.MinecraftServer/]: [Not Secure] <Morangg> ERA ESA?
[23Aug2025 00:12:26.021] [Server thread/INFO] [net.minecraft.server.MinecraftServer/]: [Not Secure] <Matujl3> tendria que tener cosas?
[23Aug2025 00:12:26.982] [Server thread/INFO] [net.minecraft.server.MinecraftServer/]: [Not Secure] <Morangg> tenia el block mayus xd
[23Aug2025 00:12:37.432] [Server thread/INFO] [net.minecraft.server.MinecraftServer/]: [Not Secure] <Morangg> si es esa deberias
[23Aug2025 00:12:42.981] [Server thread/INFO] [net.minecraft.server.MinecraftServer/]: [Not Secure] <Matujl3> tonce no
[23Aug2025 00:12:52.022] [Server thread/INFO] [net.minecraft.server.MinecraftServer/]: [Not Secure] <Matujl3> full diamond
[23Aug2025 00:13:03.472] [Server thread/INFO] [net.minecraft.server.MinecraftServer/]: [Not Secure] <Matujl3> igual tranqui, yha se cual es el nombre
[23Aug2025 00:13:09.273] [Server thread/INFO] [net.minecraft.server.MinecraftServer/]: [Not Secure] <Matujl3> pense que tenia este no se xq
[23Aug2025 00:13:10.720] [Server thread/INFO] [net.minecraft.server.MinecraftServer/]: [Not Secure] <Matujl3> ahi vengo
[23Aug2025 00:13:12.718] [Server thread/INFO] [net.minecraft.server.network.ServerGamePacketListenerImpl/]: Matujl3 lost connection: Disconnected
[23Aug2025 00:13:12.718] [Server thread/INFO] [net.minecraft.server.MinecraftServer/]: Matujl3 left the game
[23Aug2025 00:15:19.827] [Server thread/INFO] [net.minecraft.server.players.PlayerList/]: matmat3[/127.250.181.148:44573] logged in with entity id 61464 at (675.8020474849174, 86.0, 283.2580744811164)
[23Aug2025 00:15:19.833] [Server thread/INFO] [net.minecraft.server.MinecraftServer/]: matmat3 joined the game
[23Aug2025 00:15:34.576] [Server thread/INFO] [net.minecraft.server.MinecraftServer/]: [Not Secure] <matmat3> ahora si
[23Aug2025 00:15:45.679] [Server thread/INFO] [net.minecraft.server.MinecraftServer/]: [Not Secure] <matmat3> si
[23Aug2025 00:15:58.055] [Server thread/INFO] [net.minecraft.server.MinecraftServer/]: [Not Secure] <matmat3> hay un poco de mc en i lag
[23Aug2025 00:16:11.328] [Server thread/INFO] [net.minecraft.server.MinecraftServer/]: [Not Secure] <matmat3> 86% minimo va la gpu
[23Aug2025 00:16:14.531] [Server thread/INFO] [net.minecraft.server.MinecraftServer/]: [Not Secure] <matmat3> 11 fps
[23Aug2025 00:17:05.933] [Server thread/INFO] [net.minecraft.server.MinecraftServer/]: [Not Secure] <matmat3> no se que toque, ahora veo el inventario sin abrirlo XD
[23Aug2025 00:17:17.506] [Server thread/INFO] [net.minecraft.server.MinecraftServer/]: [Not Secure] <matmat3> grax
[23Aug2025 00:17:30.129] [Server thread/INFO] [net.minecraft.server.MinecraftServer/]: [Not Secure] <matmat3> ahora voy a 15 fps
[23Aug2025 00:17:35.101] [Server thread/INFO] [net.minecraft.server.MinecraftServer/]: [Not Secure] <matmat3> q paso
[23Aug2025 00:17:47.879] [Server thread/INFO] [net.minecraft.server.MinecraftServer/]: [Not Secure] <matmat3> tocaste algo? digo
[23Aug2025 00:18:04.386] [Server thread/INFO] [net.minecraft.server.MinecraftServer/]: [Not Secure] <matmat3> que dijiste como que me iba ahora xd
[23Aug2025 00:18:14.906] [Server thread/INFO] [net.minecraft.server.MinecraftServer/]: [Not Secure] <matmat3> aa
[23Aug2025 00:18:34.529] [Server thread/INFO] [net.minecraft.server.MinecraftServer/]: [Not Secure] <matmat3> porque estan mis viejos y se escuchan mas ellos que yo :V
[23Aug2025 00:18:44.892] [Server thread/INFO] [net.minecraft.server.MinecraftServer/]: [Not Secure] <matmat3> xdd
[23Aug2025 00:18:50.928] [Server thread/INFO] [net.minecraft.server.MinecraftServer/]: [Not Secure] <matmat3> como uso el ascesnro
[23Aug2025 00:18:53.529] [Server thread/INFO] [net.minecraft.server.MinecraftServer/]: [Not Secure] <matmat3> ascensor*
[23Aug2025 00:19:05.248] [Server thread/INFO] [net.minecraft.server.MinecraftServer/]: [Not Secure] <matmat3> nice
[23Aug2025 00:19:10.804] [Server thread/INFO] [net.minecraft.server.MinecraftServer/]: [Not Secure] <matmat3> tuki
[23Aug2025 00:19:26.796] [Server thread/INFO] [net.minecraft.server.MinecraftServer/]: [Not Secure] <matmat3> ya estamos mas avanzados que en nuestra facu
[23Aug2025 00:19:36.655] [Server thread/INFO] [net.minecraft.server.MinecraftServer/]: [Not Secure] <matmat3> tampoco es muy dificil
[23Aug2025 00:19:41.584] [Server thread/INFO] [net.minecraft.server.MinecraftServer/]: [Not Secure] <matmat3> solo necesitamos tener techo
[23Aug2025 00:20:02.276] [Server thread/INFO] [net.minecraft.server.MinecraftServer/]: [Not Secure] <matmat3> en la facu tampoco tenemos cama
[23Aug2025 00:20:08.793] [Server thread/INFO] [net.minecraft.server.MinecraftServer/]: [Not Secure] <matmat3> a
[23Aug2025 00:20:18.727] [Server thread/INFO] [net.minecraft.server.MinecraftServer/]: [Not Secure] <matmat3> nice
[23Aug2025 00:20:33.899] [Server thread/INFO] [net.minecraft.server.MinecraftServer/]: [Not Secure] <matmat3> y voy a ir 1 fps
[23Aug2025 00:20:52.030] [Server thread/INFO] [net.minecraft.server.MinecraftServer/]: [Not Secure] <matmat3> a ver voy a bajarle mas los graficos
[23Aug2025 00:20:54.574] [Server thread/ERROR] [VS2 Get Entities Mixin/]: java.lang.Exception: Collision box is too big! AABB[-2.8600312650000006E7, 66.00001476200745, -136.99328495375812] -> [-60.1745031401515, 75.30000001192093, 1.2290055650000006E7] returning empty list! this might break things
[23Aug2025 00:20:59.578] [Server thread/ERROR] [VS2 Get Entities Mixin/]: java.lang.Exception: Collision box is too big! AABB[-2.8600312650000006E7, 75.0, -136.99239157699049] -> [-60.363993503153324, 78.783064362304, 1.2290055650000006E7] returning empty list! this might break things
[23Aug2025 00:21:04.624] [Server thread/ERROR] [VS2 Get Entities Mixin/]: java.lang.Exception: Collision box is too big! AABB[-2.8600312650000006E7, 75.0, -136.95930040875973] -> [-59.016446671337214, 78.88931308749049, 1.2290055650000006E7] returning empty list! this might break things
[23Aug2025 00:21:06.653] [Server thread/INFO] [net.minecraft.server.MinecraftServer/]: [Not Secure] <matmat3> campo de vision: 2 bloques
[23Aug2025 00:21:09.625] [Server thread/ERROR] [VS2 Get Entities Mixin/]: java.lang.Exception: Collision box is too big! AABB[-2.8600312650000006E7, 75.0, -142.2435160688587] -> [-47.706756310652814, 79.11734339121722, 1.2290055650000006E7] returning empty list! this might break things
[23Aug2025 00:21:14.676] [Server thread/ERROR] [VS2 Get Entities Mixin/]: java.lang.Exception: Collision box is too big! AABB[-2.8600312650000006E7, 75.0, -148.94964046399076] -> [-33.45076829020294, 88.36324364620191, 1.2290055650000006E7] returning empty list! this might break things
[23Aug2025 00:21:19.690] [Server thread/ERROR] [VS2 Get Entities Mixin/]: java.lang.Exception: Collision box is too big! AABB[-2.8600312650000006E7, 75.0, -145.13248618579908] -> [-16.83656035784728, 96.84795256374622, 1.2290055650000006E7] returning empty list! this might break things
[23Aug2025 00:21:24.724] [Server thread/ERROR] [VS2 Get Entities Mixin/]: java.lang.Exception: Collision box is too big! AABB[-2.8600312650000006E7, 75.0, -138.32675011591658] -> [-1.3310641330020556, 96.87169348089458, 1.2290055650000006E7] returning empty list! this might break things
[23Aug2025 00:21:29.775] [Server thread/ERROR] [VS2 Get Entities Mixin/]: java.lang.Exception: Collision box is too big! AABB[-2.8600312650000006E7, 75.0, -124.86237339862794] -> [9.649744147578028, 96.87325690599182, 1.2290055650000006E7] returning empty list! this might break things
[23Aug2025 00:21:34.778] [Server thread/ERROR] [VS2 Get Entities Mixin/]: java.lang.Exception: Collision box is too big! AABB[-2.8600312650000006E7, 75.0, -112.44627083650319] -> [20.876875760088357, 96.87364186543586, 1.2290055650000006E7] returning empty list! this might break things
[23Aug2025 00:21:39.823] [Server thread/ERROR] [VS2 Get Entities Mixin/]: java.lang.Exception: Collision box is too big! AABB[-2.8600312650000006E7, 75.0, -99.45989822884428] -> [31.6849169157501, 96.87293946340284, 1.2290055650000006E7] returning empty list! this might break things
[23Aug2025 00:21:44.826] [Server thread/ERROR] [VS2 Get Entities Mixin/]: java.lang.Exception: Collision box is too big! AABB[-2.8600312650000006E7, 75.0, -86.8385226978861] -> [42.69790447168608, 96.87163412533222, 1.2290055650000006E7] returning empty list! this might break things
[23Aug2025 00:21:49.829] [Server thread/ERROR] [VS2 Get Entities Mixin/]: java.lang.Exception: Collision box is too big! AABB[-2.8600312650000006E7, 75.0, -74.4519370785855] -> [53.99000056684573, 99.62633641546822, 1.2290055650000006E7] returning empty list! this might break things
[23Aug2025 00:21:54.875] [Server thread/ERROR] [VS2 Get Entities Mixin/]: java.lang.Exception: Collision box is too big! AABB[-2.8600312650000006E7, 75.0, -63.66423687999475] -> [67.10315546803733, 103.11549900695634, 1.2290055650000006E7] returning empty list! this might break things
[23Aug2025 00:21:59.877] [Server thread/ERROR] [VS2 Get Entities Mixin/]: java.lang.Exception: Collision box is too big! AABB[-2.8600312650000006E7, 75.0, -52.309984869410876] -> [79.43193696477076, 103.39220625718438, 1.2290055650000006E7] returning empty list! this might break things
[23Aug2025 00:22:04.923] [Server thread/ERROR] [VS2 Get Entities Mixin/]: java.lang.Exception: Collision box is too big! AABB[-2.8600312650000006E7, 75.0, -40.61850203116763] -> [91.53328404427131, 103.39364739753682, 1.2290055650000006E7] returning empty list! this might break things
[23Aug2025 00:22:09.923] [Server thread/ERROR] [VS2 Get Entities Mixin/]: java.lang.Exception: Collision box is too big! AABB[-2.8600312650000006E7, 75.0, -29.58781598051417] -> [104.15252814665993, 103.39430062248209, 1.2290055650000006E7] returning empty list! this might break things
[23Aug2025 00:22:14.924] [Server thread/ERROR] [VS2 Get Entities Mixin/]: java.lang.Exception: Collision box is too big! AABB[-2.8600312650000006E7, 75.0, -20.127793806692242] -> [118.02307323217948, 103.39248513783856, 1.2290055650000006E7] returning empty list! this might break things
[23Aug2025 00:22:16.679] [Server thread/INFO] [net.minecraft.server.MinecraftServer/]: [Not Secure] <matmat3> uh no habia mucho para bajar
[23Aug2025 00:22:19.927] [Server thread/ERROR] [VS2 Get Entities Mixin/]: java.lang.Exception: Collision box is too big! AABB[-2.8600312650000006E7, 75.0, -10.491775599390676] -> [131.7499981372313, 103.3925539343442, 1.2290055650000006E7] returning empty list! this might break things
[23Aug2025 00:22:25.000] [Server thread/ERROR] [VS2 Get Entities Mixin/]: java.lang.Exception: Collision box is too big! AABB[-2.8600312650000006E7, 75.0, -0.8032360157700036] -> [145.64783683378553, 103.39258466835288, 1.2290055650000006E7] returning empty list! this might break things
[23Aug2025 00:22:30.026] [Server thread/ERROR] [VS2 Get Entities Mixin/]: java.lang.Exception: Collision box is too big! AABB[-2.8600312650000006E7, 75.0, 8.911187392632193] -> [159.52771703587317, 103.39258489224949, 1.2290055650000006E7] returning empty list! this might break things
[23Aug2025 00:22:32.549] [Server thread/INFO] [net.minecraft.server.MinecraftServer/]: [Not Secure] <matmat3> sigo en 15 fps
[23Aug2025 00:22:35.077] [Server thread/ERROR] [VS2 Get Entities Mixin/]: java.lang.Exception: Collision box is too big! AABB[-2.8600312650000006E7, 75.0, 18.625727222273774] -> [173.40768673518144, 103.39258492479709, 1.2290055650000006E7] returning empty list! this might break things
[23Aug2025 00:22:37.478] [Server thread/INFO] [net.minecraft.server.MinecraftServer/]: [Not Secure] <matmat3> todavia vive
[23Aug2025 00:22:40.125] [Server thread/ERROR] [VS2 Get Entities Mixin/]: java.lang.Exception: Collision box is too big! AABB[-2.8600312650000006E7, 75.0, 27.542006705860324] -> [186.14711458296918, 103.3925826828741, 1.2290055650000006E7] returning empty list! this might break things
[23Aug2025 00:22:45.127] [Server thread/ERROR] [VS2 Get Entities Mixin/]: java.lang.Exception: Collision box is too big! AABB[-2.8600312650000006E7, 75.0, 38.2225946718554] -> [198.6261549393221, 103.3921759528034, 1.2290055650000006E7] returning empty list! this might break things
[23Aug2025 00:22:50.128] [Server thread/ERROR] [VS2 Get Entities Mixin/]: java.lang.Exception: Collision box is too big! AABB[-2.8600312650000006E7, 75.0, 49.188390878001876] -> [211.26423362703466, 103.39190302278202, 1.2290055650000006E7] returning empty list! this might break things
[23Aug2025 00:22:55.175] [Server thread/ERROR] [VS2 Get Entities Mixin/]: java.lang.Exception: Collision box is too big! AABB[-2.8600312650000006E7, 75.0, 56.716204494187416] -> [219.9517036391877, 103.39187865876788, 1.2290055650000006E7] returning empty list! this might break things
[23Aug2025 00:22:57.379] [Server thread/INFO] [net.minecraft.server.MinecraftServer/]: [Not Secure] <matmat3> que es esta fabrica de roca
[23Aug2025 00:23:00.176] [Server thread/ERROR] [VS2 Get Entities Mixin/]: java.lang.Exception: Collision box is too big! AABB[-2.8600312650000006E7, 75.0, 66.55207460556096] -> [231.28857746339708, 103.39186721864114, 1.2290055650000006E7] returning empty list! this might break things
[23Aug2025 00:23:05.178] [Server thread/ERROR] [VS2 Get Entities Mixin/]: java.lang.Exception: Collision box is too big! AABB[-2.8600312650000006E7, 75.0, 77.39587350964142] -> [243.8206601134129, 103.39186737991794, 1.2290055650000006E7] returning empty list! this might break things
[23Aug2025 00:23:10.183] [Server thread/ERROR] [VS2 Get Entities Mixin/]: java.lang.Exception: Collision box is too big! AABB[-2.8600312650000006E7, 75.0, 88.35592957615448] -> [256.48810919100424, 103.39186747637561, 1.2290055650000006E7] returning empty list! this might break things
[23Aug2025 00:23:15.232] [Server thread/ERROR] [VS2 Get Entities Mixin/]: java.lang.Exception: Collision box is too big! AABB[-2.8600312650000006E7, 75.0, 99.40178650055171] -> [269.3022369888213, 103.39189393600485, 1.2290055650000006E7] returning empty list! this might break things
[23Aug2025 00:23:17.449] [Server thread/INFO] [net.minecraft.server.MinecraftServer/]: [Not Secure] <matmat3> tranqui
[23Aug2025 00:23:20.278] [Server thread/ERROR] [VS2 Get Entities Mixin/]: java.lang.Exception: Collision box is too big! AABB[-2.8600312650000006E7, 75.0, 110.48643600742801] -> [282.11216870596246, 103.39189308151771, 1.2290055650000006E7] returning empty list! this might break things
[23Aug2025 00:23:25.325] [Server thread/ERROR] [VS2 Get Entities Mixin/]: java.lang.Exception: Collision box is too big! AABB[-2.8600312650000006E7, 75.0, 121.57173789094671] -> [294.92437490162985, 103.39189310716849, 1.2290055650000006E7] returning empty list! this might break things
[23Aug2025 00:23:30.375] [Server thread/ERROR] [VS2 Get Entities Mixin/]: java.lang.Exception: Collision box is too big! AABB[-2.8600312650000006E7, 75.0, 132.65623034711464] -> [307.7356455670072, 103.39189311299968, 1.2290055650000006E7] returning empty list! this might break things
[23Aug2025 00:23:30.589] [Server thread/INFO] [net.minecraft.server.players.PlayerList/]: Luiss[/127.19.209.213:43693] logged in with entity id 69446 at (724.5761093526793, 65.0, 145.69999998807907)
[23Aug2025 00:23:30.594] [Server thread/INFO] [net.minecraft.server.MinecraftServer/]: Luiss joined the game
[23Aug2025 00:23:35.378] [Server thread/ERROR] [VS2 Get Entities Mixin/]: java.lang.Exception: Collision box is too big! AABB[-2.8600312650000006E7, 75.0, 143.6310261989711] -> [320.4201307119204, 103.39189311451607, 1.2290055650000006E7] returning empty list! this might break things
[23Aug2025 00:23:35.552] [Server thread/INFO] [net.minecraft.server.MinecraftServer/]: [Not Secure] <matmat3> ola
[23Aug2025 00:23:40.380] [Server thread/ERROR] [VS2 Get Entities Mixin/]: java.lang.Exception: Collision box is too big! AABB[-2.8600312650000006E7, 75.0, 154.60589162998224] -> [333.1034681890712, 103.39189240882266, 1.2290055650000006E7] returning empty list! this might break things
[23Aug2025 00:23:45.429] [Server thread/ERROR] [VS2 Get Entities Mixin/]: java.lang.Exception: Collision box is too big! AABB[-2.8600312650000006E7, 75.0, 165.65428652979756] -> [345.8730178569064, 103.39189241035332, 1.2290055650000006E7] returning empty list! this might break things
[23Aug2025 00:23:50.480] [Server thread/ERROR] [VS2 Get Entities Mixin/]: java.lang.Exception: Collision box is too big! AABB[-2.8600312650000006E7, 75.0, 176.7027194289076] -> [358.6411969346591, 103.39189160018663, 1.2290055650000006E7] returning empty list! this might break things
[23Aug2025 00:23:55.527] [Server thread/ERROR] [VS2 Get Entities Mixin/]: java.lang.Exception: Collision box is too big! AABB[-2.8600312650000006E7, 75.0, 187.7878922344844] -> [371.4529019153251, 103.39189140013306, 1.2290055650000006E7] returning empty list! this might break things
[23Aug2025 00:24:00.576] [Server thread/ERROR] [VS2 Get Entities Mixin/]: java.lang.Exception: Collision box is too big! AABB[-2.8600312650000006E7, 75.0, 198.87317503539143] -> [384.26658068886604, 103.39189225881704, 1.2290055650000006E7] returning empty list! this might break things
[23Aug2025 00:24:05.583] [Server thread/ERROR] [VS2 Get Entities Mixin/]: java.lang.Exception: Collision box is too big! AABB[-2.8600312650000006E7, 75.0, 209.84868071151195] -> [396.9518861762306, 103.39189226034098, 1.2290055650000006E7] returning empty list! this might break things
[23Aug2025 00:24:10.626] [Server thread/ERROR] [VS2 Get Entities Mixin/]: java.lang.Exception: Collision box is too big! AABB[-2.8600312650000006E7, 75.0, 220.9339191635594] -> [409.76326834722306, 103.39189183110848, 1.2290055650000006E7] returning empty list! this might break things
[23Aug2025 00:24:15.627] [Server thread/ERROR] [VS2 Get Entities Mixin/]: java.lang.Exception: Collision box is too big! AABB[-2.8600312650000006E7, 75.0, 231.9112784551444] -> [422.40537562801745, 103.39186666515053, 1.2290055650000006E7] returning empty list! this might break things
[23Aug2025 00:24:16.185] [Server thread/INFO] [net.minecraft.server.MinecraftServer/]: [Not Secure] <matmat3> como no vas a poder comer pixeles
[23Aug2025 00:24:20.633] [Server thread/ERROR] [VS2 Get Entities Mixin/]: java.lang.Exception: Collision box is too big! AABB[-2.8600312650000006E7, 75.0, 242.84848494640892] -> [435.0894280113457, 103.39189050208144, 1.2290055650000006E7] returning empty list! this might break things
[23Aug2025 00:24:25.679] [Server thread/ERROR] [VS2 Get Entities Mixin/]: java.lang.Exception: Collision box is too big! AABB[-2.8600312650000006E7, 75.0, 253.9395907837211] -> [447.8883693517192, 103.39182015236696, 1.2290055650000006E7] returning empty list! this might break things
[23Aug2025 00:24:30.730] [Server thread/ERROR] [VS2 Get Entities Mixin/]: java.lang.Exception: Collision box is too big! AABB[-2.8600312650000006E7, 75.0, 262.6038784219752] -> [462.53519675023387, 103.39063339188263, 1.2290055650000006E7] returning empty list! this might break things
[23Aug2025 00:24:35.777] [Server thread/ERROR] [VS2 Get Entities Mixin/]: java.lang.Exception: Collision box is too big! AABB[-2.8600312650000006E7, 75.0, 271.545033304287] -> [476.92606294787953, 103.39082582795788, 1.2290055650000006E7] returning empty list! this might break things
[23Aug2025 00:24:38.793] [Server thread/INFO] [net.minecraft.server.MinecraftServer/]: [Not Secure] <matmat3> desde cuand tenemos una laguna
[23Aug2025 00:24:40.778] [Server thread/ERROR] [VS2 Get Entities Mixin/]: java.lang.Exception: Collision box is too big! AABB[-2.8600312650000006E7, 75.0, 278.8532132378648] -> [491.90564338191876, 103.39378960567878, 1.2290055650000006E7] returning empty list! this might break things
[23Aug2025 00:24:45.781] [Server thread/ERROR] [VS2 Get Entities Mixin/]: java.lang.Exception: Collision box is too big! AABB[-2.8600312650000006E7, 75.0, 278.96228045438033] -> [508.98276408649514, 103.39166868264526, 1.2290055650000006E7] returning empty list! this might break things
[23Aug2025 00:24:50.830] [Server thread/ERROR] [VS2 Get Entities Mixin/]: java.lang.Exception: Collision box is too big! AABB[-2.8600312650000006E7, 75.0, 279.87887969453436] -> [525.9003673519893, 103.39204920304866, 1.2290055650000006E7] returning empty list! this might break things
[23Aug2025 00:24:53.780] [Server thread/INFO] [net.minecraft.server.MinecraftServer/]: [Not Secure] <matmat3> a
[23Aug2025 00:24:55.875] [Server thread/ERROR] [VS2 Get Entities Mixin/]: java.lang.Exception: Collision box is too big! AABB[-2.8600312650000006E7, 75.0, 280.5576437993775] -> [542.8261985581322, 103.38856496608189, 1.2290055650000006E7] returning empty list! this might break things
[23Aug2025 00:25:00.876] [Server thread/ERROR] [VS2 Get Entities Mixin/]: java.lang.Exception: Collision box is too big! AABB[-2.8600312650000006E7, 75.0, 277.4584100755724] -> [559.4056403730979, 103.393037965554, 1.2290055650000006E7] returning empty list! this might break things
[23Aug2025 00:25:05.881] [Server thread/ERROR] [VS2 Get Entities Mixin/]: java.lang.Exception: Collision box is too big! AABB[-2.8600312650000006E7, 75.0, 274.83096918676597] -> [575.9730729747517, 103.39343525295163, 1.2290055650000006E7] returning empty list! this might break things
[23Aug2025 00:25:09.430] [Server thread/INFO] [net.minecraft.server.MinecraftServer/]: [Not Secure] <matmat3> hay subsuelo?
[23Aug2025 00:25:10.927] [Server thread/ERROR] [VS2 Get Entities Mixin/]: java.lang.Exception: Collision box is too big! AABB[-2.8600312650000006E7, 75.0, 272.197123943163] -> [592.709274285282, 103.39345270202432, 1.2290055650000006E7] returning empty list! this might break things
[23Aug2025 00:25:15.975] [Server thread/ERROR] [VS2 Get Entities Mixin/]: java.lang.Exception: Collision box is too big! AABB[-2.8600312650000006E7, 75.0, 269.5641134439836] -> [609.4456135321362, 103.39345343864835, 1.2290055650000006E7] returning empty list! this might break things
[23Aug2025 00:25:20.976] [Server thread/ERROR] [VS2 Get Entities Mixin/]: java.lang.Exception: Collision box is too big! AABB[-2.8600312650000006E7, 75.0, 278.98563477336546] -> [622.9221464315053, 103.37759281285405, 1.2290055650000006E7] returning empty list! this might break things
[23Aug2025 00:25:23.641] [Server thread/INFO] [net.minecraft.server.MinecraftServer/]: [Not Secure] <matmat3> veo que ya esta cerrado, por eso
[23Aug2025 00:25:26.025] [Server thread/ERROR] [VS2 Get Entities Mixin/]: java.lang.Exception: Collision box is too big! AABB[-2.8600312650000006E7, 75.0, 296.2750599690462] -> [626.4576655132832, 103.3762778164634, 1.2290055650000006E7] returning empty list! this might break things
[23Aug2025 00:25:27.933] [Server thread/INFO] [net.minecraft.server.MinecraftServer/]: [Not Secure] <matmat3> a
[23Aug2025 00:25:31.085] [Server thread/ERROR] [VS2 Get Entities Mixin/]: java.lang.Exception: Collision box is too big! AABB[-2.8600312650000006E7, 75.0, 307.7977884737912] -> [634.6256919793104, 97.11734835895182, 1.2290055650000006E7] returning empty list! this might break things
[23Aug2025 00:25:36.122] [Server thread/ERROR] [VS2 Get Entities Mixin/]: java.lang.Exception: Collision box is too big! AABB[-2.8600312650000006E7, 75.0, 319.30712693184614] -> [631.6560918465257, 95.05770606632692, 1.2290055650000006E7] returning empty list! this might break things
[23Aug2025 00:25:36.776] [Server thread/INFO] [net.minecraft.server.MinecraftServer/]: [Not Secure] <matmat3> -1
[23Aug2025 00:25:41.125] [Server thread/ERROR] [VS2 Get Entities Mixin/]: java.lang.Exception: Collision box is too big! AABB[-2.8600312650000006E7, 75.0, 323.02771613001823] -> [631.5744078867137, 89.70379657858065, 1.2290055650000006E7] returning empty list! this might break things
[23Aug2025 00:25:46.177] [Server thread/ERROR] [VS2 Get Entities Mixin/]: java.lang.Exception: Collision box is too big! AABB[-2.8600312650000006E7, 75.0, 318.8226310778409] -> [631.4595361240208, 89.86169537395426, 1.2290055650000006E7] returning empty list! this might break things
[23Aug2025 00:25:51.181] [Server thread/ERROR] [VS2 Get Entities Mixin/]: java.lang.Exception: Collision box is too big! AABB[-2.8600312650000006E7, 75.0, 314.38790301616825] -> [629.3166013609648, 89.79998985647484, 1.2290055650000006E7] returning empty list! this might break things
[23Aug2025 00:25:56.222] [Server thread/ERROR] [VS2 Get Entities Mixin/]: java.lang.Exception: Collision box is too big! AABB[-2.8600312650000006E7, 75.0, 315.2557353898883] -> [629.159731194377, 89.79999830063187, 1.2290055650000006E7] returning empty list! this might break things
[23Aug2025 00:26:01.223] [Server thread/ERROR] [VS2 Get Entities Mixin/]: java.lang.Exception: Collision box is too big! AABB[-2.8600312650000006E7, 75.0, 315.4127837475389] -> [629.127658225596, 89.80012575008948, 1.2290055650000006E7] returning empty list! this might break things
[23Aug2025 00:26:06.223] [Server thread/ERROR] [VS2 Get Entities Mixin/]: java.lang.Exception: Collision box is too big! AABB[-2.8600312650000006E7, 75.0, 315.91954397782683] -> [628.2253746539354, 90.6897620082977, 1.2290055650000006E7] returning empty list! this might break things
[23Aug2025 00:26:09.278] [Server thread/INFO] [net.minecraft.server.MinecraftServer/]: [Not Secure] <matmat3> aca
[23Aug2025 00:26:11.229] [Server thread/ERROR] [VS2 Get Entities Mixin/]: java.lang.Exception: Collision box is too big! AABB[-2.8600312650000006E7, 75.0, 310.36401890963316] -> [619.1613316126168, 92.0966851962217, 1.2290055650000006E7] returning empty list! this might break things
[23Aug2025 00:26:12.306] [Server thread/INFO] [net.minecraft.server.MinecraftServer/]: [Not Secure] <matmat3> xdd
[23Aug2025 00:26:16.270] [Server thread/ERROR] [VS2 Get Entities Mixin/]: java.lang.Exception: Collision box is too big! AABB[-2.8600312650000006E7, 75.0, 304.8129945062101] -> [616.4679506812245, 90.55433006207569, 1.2290055650000006E7] returning empty list! this might break things
[23Aug2025 00:26:21.273] [Server thread/ERROR] [VS2 Get Entities Mixin/]: java.lang.Exception: Collision box is too big! AABB[-2.8600312650000006E7, 75.0, 306.7465935088694] -> [613.5256578922272, 90.46513148418259, 1.2290055650000006E7] returning empty list! this might break things
[23Aug2025 00:26:26.274] [Server thread/ERROR] [VS2 Get Entities Mixin/]: java.lang.Exception: Collision box is too big! AABB[-2.8600312650000006E7, 75.0, 308.1561055742204] -> [610.5388822071254, 90.7412019494489, 1.2290055650000006E7] returning empty list! this might break things
[23Aug2025 00:26:31.277] [Server thread/ERROR] [VS2 Get Entities Mixin/]: java.lang.Exception: Collision box is too big! AABB[-2.8600312650000006E7, 75.0, 308.5160970788969] -> [613.308377510837, 90.74443443569142, 1.2290055650000006E7] returning empty list! this might break things
[23Aug2025 00:26:36.237] [Server thread/INFO] [net.minecraft.server.MinecraftServer/]: [Not Secure] <matmat3> derecho?
[23Aug2025 00:26:36.323] [Server thread/ERROR] [VS2 Get Entities Mixin/]: java.lang.Exception: Collision box is too big! AABB[-2.8600312650000006E7, 75.0, 301.30528555400883] -> [612.0073919628611, 93.41364564368892, 1.2290055650000006E7] returning empty list! this might break things
[23Aug2025 00:26:40.875] [Server thread/INFO] [net.minecraft.server.MinecraftServer/]: [Not Secure] <matmat3> si
[23Aug2025 00:26:41.325] [Server thread/ERROR] [VS2 Get Entities Mixin/]: java.lang.Exception: Collision box is too big! AABB[-2.8600312650000006E7, 75.0, 285.96482871677046] -> [611.4981345826494, 100.53399465997194, 1.2290055650000006E7] returning empty list! this might break things
